[    0.000000] Initializing cgroup subsys cpuset
[    0.000000] Initializing cgroup subsys cpu
[    0.000000] Initializing cgroup subsys cpuacct
[    0.000000] Linux version 4.4.0-210-generic (buildd@lgw01-amd64-009) (gcc version 5.4.0 20160609 (Ubuntu 5.4.0-6ubuntu1~16.04.12) ) #242-Ubuntu SMP Fri Apr 16 09:57:56 UTC 2021 (Ubuntu 4.4.0-210.242-generic 4.4.262)
[    0.000000] Command line: BOOT_IMAGE=/boot/vmlinuz-4.4.0-210-generic root=LABEL=cloudimg-rootfs ro console=tty1 console=ttyS0
[    0.000000] KERNEL supported cpus:
[    0.000000]   Intel GenuineIntel
[    0.000000]   AMD AuthenticAMD
[    0.000000]   Centaur CentaurHauls
[    0.000000] x86/fpu: xstate_offset[2]:  576, xstate_sizes[2]:  256
[    0.000000] x86/fpu: Supporting XSAVE feature 0x01: 'x87 floating point registers'
[    0.000000] x86/fpu: Supporting XSAVE feature 0x02: 'SSE registers'
[    0.000000] x86/fpu: Supporting XSAVE feature 0x04: 'AVX registers'
[    0.000000] x86/fpu: Enabled xstate features 0x7, context size is 832 bytes, using 'standard' format.
[    0.000000] e820: BIOS-provided physical RAM map:
[    0.000000] BIOS-e820: [mem 0x0000000000000000-0x000000000009fbff] usable
[    0.000000] BIOS-e820: [mem 0x000000000009fc00-0x000000000009ffff] reserved
[    0.000000] BIOS-e820: [mem 0x00000000000f0000-0x00000000000fffff] reserved
[    0.000000] BIOS-e820: [mem 0x0000000000100000-0x000000003ffeffff] usable
[    0.000000] BIOS-e820: [mem 0x000000003fff0000-0x000000003fffffff] ACPI data
[    0.000000] BIOS-e820: [mem 0x00000000fec00000-0x00000000fec00fff] reserved
[    0.000000] BIOS-e820: [mem 0x00000000fee00000-0x00000000fee00fff] reserved
[    0.000000] BIOS-e820: [mem 0x00000000fffc0000-0x00000000ffffffff] reserved
[    0.000000] NX (Execute Disable) protection: active
[    0.000000] SMBIOS 2.5 present.
[    0.000000] Hypervisor detected: KVM
[    0.000000] e820: last_pfn = 0x3fff0 max_arch_pfn = 0x400000000
[    0.000000] MTRR: Disabled
[    0.000000] x86/PAT: MTRRs disabled, skipping PAT initialization too.
[    0.000000] CPU MTRRs all blank - virtualized system.
[    0.000000] x86/PAT: Configuration [0-7]: WB  WT  UC- UC  WB  WT  UC- UC  
[    0.000000] found SMP MP-table at [mem 0x0009fff0-0x0009ffff] mapped at [ffff88000009fff0]
[    0.000000] Scanning 1 areas for low memory corruption
[    0.000000] RAMDISK: [mem 0x362de000-0x37166fff]
[    0.000000] ACPI: Early table checksum verification disabled
[    0.000000] ACPI: RSDP 0x00000000000E0000 000024 (v02 VBOX  )
[    0.000000] ACPI: XSDT 0x000000003FFF0030 00003C (v01 VBOX   VBOXXSDT 00000001 ASL  00000061)
[    0.000000] ACPI: FACP 0x000000003FFF00F0 0000F4 (v04 VBOX   VBOXFACP 00000001 ASL  00000061)
[    0.000000] ACPI: DSDT 0x000000003FFF0470 002325 (v02 VBOX   VBOXBIOS 00000002 INTL 20120111)
[    0.000000] ACPI: FACS 0x000000003FFF0200 000040
[    0.000000] ACPI: FACS 0x000000003FFF0200 000040
[    0.000000] ACPI: APIC 0x000000003FFF0240 00005C (v02 VBOX   VBOXAPIC 00000001 ASL  00000061)
[    0.000000] ACPI: SSDT 0x000000003FFF02A0 0001CC (v01 VBOX   VBOXCPUT 00000002 INTL 20120111)
[    0.000000] No NUMA configuration found
[    0.000000] Faking a node at [mem 0x0000000000000000-0x000000003ffeffff]
[    0.000000] NODE_DATA(0) allocated [mem 0x3ffeb000-0x3ffeffff]
[    0.000000] kvm-clock: Using msrs 4b564d01 and 4b564d00
[    0.000000] kvm-clock: cpu 0, msr 0:3ffe3001, primary cpu clock
[    0.000000] kvm-clock: using sched offset of 3914292239 cycles
[    0.000000] clocksource: kvm-clock: mask: 0xffffffffffffffff max_cycles: 0x1cd42e4dffb, max_idle_ns: 881590591483 ns
[    0.000000] Zone ranges:
[    0.000000]   DMA      [mem 0x0000000000001000-0x0000000000ffffff]
[    0.000000]   DMA32    [mem 0x0000000001000000-0x000000003ffeffff]
[    0.000000]   Normal   empty
[    0.000000]   Device   empty
[    0.000000] Movable zone start for each node
[    0.000000] Early memory node ranges
[    0.000000]   node   0: [mem 0x0000000000001000-0x000000000009efff]
[    0.000000]   node   0: [mem 0x0000000000100000-0x000000003ffeffff]
[    0.000000] Initmem setup node 0 [mem 0x0000000000001000-0x000000003ffeffff]
[    0.000000] ACPI: PM-Timer IO Port: 0x4008
[    0.000000] IOAPIC[0]: apic_id 2, version 32, address 0xfec00000, GSI 0-23
[    0.000000] ACPI: INT_SRC_OVR (bus 0 bus_irq 0 global_irq 2 dfl dfl)
[    0.000000] ACPI: INT_SRC_OVR (bus 0 bus_irq 9 global_irq 9 low level)
[    0.000000] Using ACPI (MADT) for SMP configuration information
[    0.000000] smpboot: Allowing 2 CPUs, 0 hotplug CPUs
[    0.000000] PM: Registered nosave memory: [mem 0x00000000-0x00000fff]
[    0.000000] PM: Registered nosave memory: [mem 0x0009f000-0x0009ffff]
[    0.000000] PM: Registered nosave memory: [mem 0x000a0000-0x000effff]
[    0.000000] PM: Registered nosave memory: [mem 0x000f0000-0x000fffff]
[    0.000000] e820: [mem 0x40000000-0xfebfffff] available for PCI devices
[    0.000000] Booting paravirtualized kernel on KVM
[    0.000000] clocksource: refined-jiffies: mask: 0xffffffff max_cycles: 0xffffffff, max_idle_ns: 7645519600211568 ns
[    0.000000] setup_percpu: NR_CPUS:512 nr_cpumask_bits:512 nr_cpu_ids:2 nr_node_ids:1
[    0.000000] PERCPU: Embedded 33 pages/cpu @ffff88003fc00000 s95192 r8192 d31784 u1048576
[    0.000000] Built 1 zonelists in Node order, mobility grouping on.  Total pages: 257912
[    0.000000] Policy zone: DMA32
[    0.000000] Kernel command line: BOOT_IMAGE=/boot/vmlinuz-4.4.0-210-generic root=LABEL=cloudimg-rootfs ro console=tty1 console=ttyS0
[    0.000000] PID hash table entries: 4096 (order: 3, 32768 bytes)
[    0.000000] Memory: 997796K/1048120K available (8644K kernel code, 1332K rwdata, 4044K rodata, 1492K init, 1164K bss, 50324K reserved, 0K cma-reserved)
[    0.000000] SLUB: HWalign=64, Order=0-3, MinObjects=0, CPUs=2, Nodes=1
[    0.000000] Kernel/User page tables isolation: enabled
[    0.000000] Hierarchical RCU implementation.
[    0.000000] 	Build-time adjustment of leaf fanout to 64.
[    0.000000] 	RCU restricting CPUs from NR_CPUS=512 to nr_cpu_ids=2.
[    0.000000] RCU: Adjusting geometry for rcu_fanout_leaf=64, nr_cpu_ids=2
[    0.000000] NR_IRQS:33024 nr_irqs:440 16
[    0.000000] Console: colour VGA+ 80x25
[    0.000000] console [tty1] enabled
[    0.000000] console [ttyS0] enabled
[    0.000000] tsc: Detected 2208.000 MHz processor
[    0.136575] Calibrating delay loop (skipped) preset value.. 4416.00 BogoMIPS (lpj=8832000)
[    0.138378] pid_max: default: 32768 minimum: 301
[    0.139280] ACPI: Core revision 20150930
[    0.140772] ACPI: 2 ACPI AML tables successfully acquired and loaded
[    0.142049] Security Framework initialized
[    0.142871] Yama: becoming mindful.
[    0.143634] AppArmor: AppArmor initialized
[    0.144538] Dentry cache hash table entries: 131072 (order: 8, 1048576 bytes)
[    0.147303] Inode-cache hash table entries: 65536 (order: 7, 524288 bytes)
[    0.148673] Mount-cache hash table entries: 2048 (order: 2, 16384 bytes)
[    0.149905] Mountpoint-cache hash table entries: 2048 (order: 2, 16384 bytes)
[    0.151339] Initializing cgroup subsys io
[    0.152181] Initializing cgroup subsys memory
[    0.153048] Initializing cgroup subsys devices
[    0.154078] Initializing cgroup subsys freezer
[    0.154955] Initializing cgroup subsys net_cls
[    0.156630] Initializing cgroup subsys perf_event
[    0.157550] Initializing cgroup subsys net_prio
[    0.158439] Initializing cgroup subsys hugetlb
[    0.159315] Initializing cgroup subsys pids
[    0.171927] mce: CPU supports 0 MCE banks
[    0.173197] Last level iTLB entries: 4KB 64, 2MB 8, 4MB 8
[    0.174248] Last level dTLB entries: 4KB 64, 2MB 0, 4MB 0, 1GB 4
[    0.175395] Spectre V1 : Mitigation: usercopy/swapgs barriers and __user pointer sanitization
[    0.177141] Spectre V2 : Mitigation: Full generic retpoline
[    0.178223] Spectre V2 : Spectre v2 / SpectreRSB mitigation: Filling RSB on context switch
[    0.179900] Speculative Store Bypass: Vulnerable
[    0.180827] SRBDS: Unknown: Dependent on hypervisor status
[    0.181961] MDS: Mitigation: Clear CPU buffers
[    0.185009] Freeing SMP alternatives memory: 36K
[    0.190830] ftrace: allocating 32380 entries in 127 pages
[    0.240698] smpboot: APIC(0) Converting physical 0 to logical package 0
[    0.242793] smpboot: Max logical packages: 1
[    0.244005] x2apic enabled
[    0.244968] Switched APIC routing to physical x2apic.
[    0.247305] ..TIMER: vector=0x30 apic1=0 pin1=2 apic2=-1 pin2=-1
[    0.356576] smpboot: CPU0: Intel(R) Core(TM) i7-8750H CPU @ 2.20GHz (family: 0x6, model: 0x9e, stepping: 0xa)
[    0.359524] Performance Events: unsupported p6 CPU model 158 no PMU driver, software events only.
[    0.370062] KVM setup paravirtual spinlock
[    0.372013] x86: Booting SMP configuration:
[    0.372913] .... node  #0, CPUs:      #1
[    0.373821] kvm-clock: cpu 1, msr 0:3ffe3041, secondary cpu clock
[    0.386272] mce: CPU supports 0 MCE banks
[    0.389319] x86: Booted up 1 node, 2 CPUs
[    0.390517] smpboot: Total of 2 processors activated (8832.00 BogoMIPS)
[    0.392594] devtmpfs: initialized
[    0.395119] evm: security.selinux
[    0.395840] evm: security.SMACK64
[    0.396571] evm: security.SMACK64EXEC
[    0.397360] evm: security.SMACK64TRANSMUTE
[    0.398418] evm: security.SMACK64MMAP
[    0.399187] evm: security.ima
[    0.399873] evm: security.capability
[    0.400735] clocksource: jiffies: mask: 0xffffffff max_cycles: 0xffffffff, max_idle_ns: 7645041785100000 ns
[    0.402961] futex hash table entries: 512 (order: 3, 32768 bytes)
[    0.404664] pinctrl core: initialized pinctrl subsystem
[    0.405798] RTC time:  6:10:12, date: 05/17/21
[    0.406964] NET: Registered protocol family 16
[    0.417502] cpuidle: using governor ladder
[    0.430272] cpuidle: using governor menu
[    0.432268] PCCT header not found.
[    0.433701] ACPI: bus type PCI registered
[    0.434868] acpiphp: ACPI Hot Plug PCI Controller Driver version: 0.5
[    0.436707] PCI: Using configuration type 1 for base access
[    0.455435] ACPI: Added _OSI(Module Device)
[    0.457198] ACPI: Added _OSI(Processor Device)
[    0.458824] ACPI: Added _OSI(3.0 _SCP Extensions)
[    0.460155] ACPI: Added _OSI(Processor Aggregator Device)
[    0.462379] ACPI: Executed 1 blocks of module-level executable AML code
[    0.466297] ACPI: Interpreter enabled
[    0.467724] ACPI: (supports S0 S5)
[    0.468927] ACPI: Using IOAPIC for interrupt routing
[    0.470659] PCI: Using host bridge windows from ACPI; if necessary, use "pci=nocrs" and report a bug
[    0.477523] ACPI: PCI Root Bridge [PCI0] (domain 0000 [bus 00-ff])
[    0.479025] acpi PNP0A03:00: _OSC: OS supports [ASPM ClockPM Segments MSI]
[    0.480823] acpi PNP0A03:00: _OSC: not requesting OS control; OS requires [ExtendedConfig ASPM ClockPM MSI]
[    0.483201] acpi PNP0A03:00: fail to add MMCONFIG information, can't access extended PCI configuration space under this bridge.
[    0.486235] PCI host bridge to bus 0000:00
[    0.487275] pci_bus 0000:00: root bus resource [io  0x0000-0x0cf7 window]
[    0.488788] pci_bus 0000:00: root bus resource [io  0x0d00-0xffff window]
[    0.490497] pci_bus 0000:00: root bus resource [mem 0x000a0000-0x000bffff window]
[    0.492145] pci_bus 0000:00: root bus resource [mem 0x40000000-0xfdffffff window]
[    0.493754] pci_bus 0000:00: root bus resource [bus 00-ff]
[    0.496890] pci 0000:00:01.1: legacy IDE quirk: reg 0x10: [io  0x01f0-0x01f7]
[    0.498901] pci 0000:00:01.1: legacy IDE quirk: reg 0x14: [io  0x03f6]
[    0.500160] pci 0000:00:01.1: legacy IDE quirk: reg 0x18: [io  0x0170-0x0177]
[    0.509134] pci 0000:00:01.1: legacy IDE quirk: reg 0x1c: [io  0x0376]
[    0.525812] pci 0000:00:07.0: quirk: [io  0x4000-0x403f] claimed by PIIX4 ACPI
[    0.527391] pci 0000:00:07.0: quirk: [io  0x4100-0x410f] claimed by PIIX4 SMB
[    0.536376] ACPI: PCI Interrupt Link [LNKA] (IRQs 5 9 10 *11)
[    0.537998] ACPI: PCI Interrupt Link [LNKB] (IRQs 5 9 *10 11)
[    0.539513] ACPI: PCI Interrupt Link [LNKC] (IRQs 5 *9 10 11)
[    0.540974] ACPI: PCI Interrupt Link [LNKD] (IRQs 5 9 10 *11)
[    0.542534] ACPI: Enabled 2 GPEs in block 00 to 07
[    0.543831] vgaarb: setting as boot device: PCI:0000:00:02.0
[    0.544937] vgaarb: device added: PCI:0000:00:02.0,decodes=io+mem,owns=io+mem,locks=none
[    0.546639] vgaarb: loaded
[    0.547281] vgaarb: bridge control possible 0000:00:02.0
[    0.548514] SCSI subsystem initialized
[    0.549472] ACPI: bus type USB registered
[    0.550431] usbcore: registered new interface driver usbfs
[    0.551520] usbcore: registered new interface driver hub
[    0.552567] usbcore: registered new device driver usb
[    0.555003] PCI: Using ACPI for IRQ routing
[    0.556205] NetLabel: Initializing
[    0.556984] NetLabel:  domain hash size = 128
[    0.557916] NetLabel:  protocols = UNLABELED CIPSOv4
[    0.558955] NetLabel:  unlabeled traffic allowed by default
[    0.560157] amd_nb: Cannot enumerate AMD northbridges
[    0.561237] clocksource: Switched to clocksource kvm-clock
[    0.568318] AppArmor: AppArmor Filesystem Enabled
[    0.569317] pnp: PnP ACPI init
[    0.571041] pnp: PnP ACPI: found 3 devices
[    0.579855] clocksource: acpi_pm: mask: 0xffffff max_cycles: 0xffffff, max_idle_ns: 2085701024 ns
[    0.582140] NET: Registered protocol family 2
[    0.583164] TCP established hash table entries: 8192 (order: 4, 65536 bytes)
[    0.584510] TCP bind hash table entries: 8192 (order: 5, 131072 bytes)
[    0.585777] TCP: Hash tables configured (established 8192 bind 8192)
[    0.586996] UDP hash table entries: 512 (order: 2, 16384 bytes)
[    0.588174] UDP-Lite hash table entries: 512 (order: 2, 16384 bytes)
[    0.589405] NET: Registered protocol family 1
[    0.590327] pci 0000:00:00.0: Limiting direct PCI/PCI transfers
[    0.591496] pci 0000:00:01.0: Activating ISA DMA hang workarounds
[    0.593236] Unpacking initramfs...
[    0.769858] Freeing initrd memory: 14884K
[    0.771265] clocksource: tsc: mask: 0xffffffffffffffff max_cycles: 0x1fd3b81b95f, max_idle_ns: 440795257325 ns
[    0.773206] platform rtc_cmos: registered platform RTC device (no PNP device found)
[    0.775011] Scanning for low memory corruption every 60 seconds
[    0.776936] audit: initializing netlink subsys (disabled)
[    0.778680] audit: type=2000 audit(1621231818.161:1): initialized
[    0.780401] Initialise system trusted keyring
[    0.781489] HugeTLB registered 2 MB page size, pre-allocated 0 pages
[    0.783588] zbud: loaded
[    0.784548] VFS: Disk quotas dquot_6.6.0
[    0.785383] VFS: Dquot-cache hash table entries: 512 (order 0, 4096 bytes)
[    0.786911] squashfs: version 4.0 (2009/01/31) Phillip Lougher
[    0.788185] fuse init (API version 7.23)
[    0.789066] Key type big_key registered
[    0.789921] Allocating IMA MOK and blacklist keyrings.
[    0.791310] Key type asymmetric registered
[    0.792138] Asymmetric key parser 'x509' registered
[    0.793294] Block layer SCSI generic (bsg) driver version 0.4 loaded (major 249)
[    0.795211] io scheduler noop registered
[    0.796537] io scheduler deadline registered (default)
[    0.797795] io scheduler cfq registered
[    0.798968] pci_hotplug: PCI Hot Plug PCI Core version: 0.5
[    0.800394] pciehp: PCI Express Hot Plug Controller Driver version: 0.4
[    0.802283] ACPI: AC Adapter [AC] (on-line)
[    0.803233] input: Power Button as /devices/LNXSYSTM:00/LNXPWRBN:00/input/input0
[    0.804709] ACPI: Power Button [PWRF]
[    0.805545] input: Sleep Button as /devices/LNXSYSTM:00/LNXSLPBN:00/input/input1
[    0.807556] ACPI: Sleep Button [SLPF]
[    0.809535] ACPI: Battery Slot [BAT0] (battery present)
[    0.810740] GHES: HEST is not enabled!
[    0.812191] Serial: 8250/16550 driver, 32 ports, IRQ sharing enabled
[    0.833876] 00:02: ttyS0 at I/O 0x3f8 (irq = 4, base_baud = 115200) is a 16550A
[    0.836855] Linux agpgart interface v0.103
[    0.839297] loop: module loaded
[    0.840824] scsi host0: ata_piix
[    0.842054] scsi host1: ata_piix
[    0.842787] ata1: PATA max UDMA/33 cmd 0x1f0 ctl 0x3f6 bmdma 0xd000 irq 14
[    0.844071] ata2: PATA max UDMA/33 cmd 0x170 ctl 0x376 bmdma 0xd008 irq 15
[    0.845817] libphy: Fixed MDIO Bus: probed
[    0.846651] tun: Universal TUN/TAP device driver, 1.6
[    0.847656] tun: (C) 1999-2004 Max Krasnyansky <maxk@qualcomm.com>
[    0.848824] PPP generic driver version 2.4.2
[    0.849807] ehci_hcd: USB 2.0 'Enhanced' Host Controller (EHCI) Driver
[    0.851006] ehci-pci: EHCI PCI platform driver
[    0.851882] ehci-platform: EHCI generic platform driver
[    0.852880] ohci_hcd: USB 1.1 'Open' Host Controller (OHCI) Driver
[    0.854059] ohci-pci: OHCI PCI platform driver
[    0.854936] ohci-platform: OHCI generic platform driver
[    0.855932] uhci_hcd: USB Universal Host Controller Interface driver
[    0.857134] i8042: PNP: PS/2 Controller [PNP0303:PS2K,PNP0f03:PS2M] at 0x60,0x64 irq 1,12
[    0.859220] serio: i8042 KBD port at 0x60,0x64 irq 1
[    0.860181] serio: i8042 AUX port at 0x60,0x64 irq 12
[    0.861249] mousedev: PS/2 mouse device common for all mice
[    0.862760] rtc_cmos rtc_cmos: rtc core: registered rtc_cmos as rtc0
[    0.864019] input: AT Translated Set 2 keyboard as /devices/platform/i8042/serio0/input/input2
[    0.865831] rtc_cmos rtc_cmos: alarms up to one day, 114 bytes nvram
[    0.867346] i2c /dev entries driver
[    0.868121] device-mapper: uevent: version 1.0.3
[    0.869083] device-mapper: ioctl: 4.34.0-ioctl (2015-10-28) initialised: dm-devel@redhat.com
[    0.870841] ledtrig-cpu: registered to indicate activity on CPUs
[    0.872237] NET: Registered protocol family 10
[    0.873309] NET: Registered protocol family 17
[    0.874216] Key type dns_resolver registered
[    0.875251] registered taskstats version 1
[    0.876100] Loading compiled-in X.509 certificates
[    0.877571] Loaded X.509 cert 'Build time autogenerated kernel key: cf00e047681d67edb2720680708b7d9498083038'
[    0.880032] zswap: loaded using pool lzo/zbud
[    0.882388] Key type trusted registered
[    0.886363] Key type encrypted registered
[    0.887501] AppArmor: AppArmor sha1 policy hashing enabled
[    0.888563] ima: No TPM chip found, activating TPM-bypass!
[    0.889691] ima: Allocated hash algorithm: sha1
[    0.890614] evm: HMAC attrs: 0x1
[    0.891792]   Magic number: 5:521:165
[    0.892645] rtc_cmos rtc_cmos: setting system clock to 2021-05-17 06:10:12 UTC (1621231812)
[    0.894476] BIOS EDD facility v0.16 2004-Jun-25, 0 devices found
[    0.895648] EDD information not available.
[    1.025460] Freeing unused kernel memory: 1492K
[    1.027335] Write protecting the kernel read-only data: 14336k
[    1.029852] Freeing unused kernel memory: 1584K
[    1.031640] Freeing unused kernel memory: 52K
Loading, please wait...
starting version 229
[    1.045402] random: systemd-udevd: uninitialized urandom read (16 bytes read, 3 bits of entropy available)
[    1.045865] random: udevadm: uninitialized urandom read (16 bytes read, 3 bits of entropy available)
[    1.045901] random: udevadm: uninitialized urandom read (16 bytes read, 3 bits of entropy available)
[    1.052872] random: systemd-udevd: uninitialized urandom read (16 bytes read, 3 bits of entropy available)
[    1.052877] random: udevadm: uninitialized urandom read (16 bytes read, 3 bits of entropy available)
[    1.052923] random: udevadm: uninitialized urandom read (16 bytes read, 3 bits of entropy available)
[    1.053048] random: udevadm: uninitialized urandom read (16 bytes read, 3 bits of entropy available)
[    1.053099] random: udevadm: uninitialized urandom read (16 bytes read, 3 bits of entropy available)
[    1.053147] random: udevadm: uninitialized urandom read (16 bytes read, 3 bits of entropy available)
[    1.053213] random: udevadm: uninitialized urandom read (16 bytes read, 3 bits of entropy available)
[    1.100224] e1000: Intel(R) PRO/1000 Network Driver - version 7.3.21-k8-NAPI
[    1.101885] e1000: Copyright (c) 1999-2006 Intel Corporation.
[    1.107045] Fusion MPT base driver 3.04.20
[    1.108253] Copyright (c) 1999-2008 LSI Corporation
[    1.123266] AVX2 version of gcm_enc/dec engaged.
[    1.124658] AES CTR mode by8 optimization enabled
[    1.140531] Fusion MPT SPI Host driver 3.04.20
[    1.343249] input: ImExPS/2 Generic Explorer Mouse as /devices/platform/i8042/serio1/input/input4
[    1.511872] e1000 0000:00:03.0 eth0: (PCI:33MHz:32-bit) 02:ed:98:3c:8e:82
[    1.514059] e1000 0000:00:03.0 eth0: Intel(R) PRO/1000 Network Connection
[    1.991478] e1000 0000:00:08.0 eth1: (PCI:33MHz:32-bit) 08:00:27:55:80:d9
[    1.993829] e1000 0000:00:08.0 eth1: Intel(R) PRO/1000 Network Connection
[    1.996322] mptbase: ioc0: Initiating bringup
[    1.996889] e1000 0000:00:08.0 enp0s8: renamed from eth1
[    2.006209] e1000 0000:00:03.0 enp0s3: renamed from eth0
[    2.066063] ioc0: LSI53C1030 A0: Capabilities={Initiator}
[    2.228815] scsi host2: ioc0: LSI53C1030 A0, FwRev=00000000h, Ports=1, MaxQ=256, IRQ=20
[    2.346301] scsi 2:0:0:0: Direct-Access     VBOX     HARDDISK         1.0  PQ: 0 ANSI: 5
[    2.349354] scsi target2:0:0: Beginning Domain Validation
[    2.351792] scsi target2:0:0: Domain Validation skipping write tests
[    2.353404] scsi target2:0:0: Ending Domain Validation
[    2.354854] scsi target2:0:0: asynchronous
[    2.356310] scsi 2:0:1:0: Direct-Access     VBOX     HARDDISK         1.0  PQ: 0 ANSI: 5
[    2.367789] scsi target2:0:1: Beginning Domain Validation
[    2.370354] scsi target2:0:1: Domain Validation skipping write tests
[    2.371958] scsi target2:0:1: Ending Domain Validation
[    2.373344] scsi target2:0:1: asynchronous
[    2.379781] sd 2:0:0:0: Attached scsi generic sg0 type 0
[    2.381330] sd 2:0:0:0: [sda] 83886080 512-byte logical blocks: (42.9 GB/40.0 GiB)
[    2.384184] sd 2:0:1:0: Attached scsi generic sg1 type 0
[    2.385494] sd 2:0:1:0: [sdb] 20480 512-byte logical blocks: (10.5 MB/10.0 MiB)
[    2.387467] sd 2:0:0:0: [sda] Write Protect is off
[    2.387555] sd 2:0:1:0: [sdb] Write Protect is off
[    2.387724] sd 2:0:1:0: [sdb] Incomplete mode parameter data
[    2.387725] sd 2:0:1:0: [sdb] Assuming drive cache: write through
[    2.390691] sd 2:0:1:0: [sdb] Attached SCSI disk
[    2.394718] sd 2:0:0:0: [sda] Incomplete mode parameter data
[    2.395972] sd 2:0:0:0: [sda] Assuming drive cache: write through
[    2.398529]  sda: sda1
[    2.399933] sd 2:0:0:0: [sda] Attached SCSI disk
Begin: Loading essential drivers ... [    3.656799] md: linear personality registered for level -1
[    3.659976] md: multipath personality registered for level -4
[    3.663014] md: raid0 personality registered for level 0
[    3.666673] md: raid1 personality registered for level 1
[    3.737324] raid6: sse2x1   gen() 13432 MB/s
[    3.805326] raid6: sse2x1   xor()  9644 MB/s
[    3.873386] raid6: sse2x2   gen() 16656 MB/s
[    3.941368] raid6: sse2x2   xor() 11400 MB/s
[    4.009306] raid6: sse2x4   gen() 19222 MB/s
[    4.077471] raid6: sse2x4   xor() 12240 MB/s
[    4.145382] raid6: avx2x1   gen() 23974 MB/s
[    4.213382] raid6: avx2x2   gen() 30181 MB/s
[    4.281388] raid6: avx2x4   gen() 33749 MB/s
[    4.282599] raid6: using algorithm avx2x4 gen() 33749 MB/s
[    4.284120] raid6: using avx2x2 recovery algorithm
[    4.285938] xor: automatically using best checksumming function:
[    4.325295]    avx       : 25199.000 MB/sec
[    4.327881] async_tx: api initialized (async)
[    4.335263] md: raid6 personality registered for level 6
[    4.336970] md: raid5 personality registered for level 5
[    4.338366] md: raid4 personality registered for level 4
[    4.343971] md: raid10 personality registered for level 10
done.
Begin: Running /scripts/init-premount ... done.
Begin: Mounting root file system ... Begin: Running /scripts/local-top ... done.
Begin: Running /scripts/local-premount ... [    4.368911] Btrfs loaded
Scanning for Btrfs filesystems
done.
Warning: fsck not present, so skipping root file system
[    4.386534] EXT4-fs (sda1): mounted filesystem with ordered data mode. Opts: (null)
done.
Begin: Running /scripts/local-bottom ... done.
Begin: Running /scripts/init-bottom ... done.
[    4.432081] systemd[1]: systemd 229 running in system mode. (+PAM +AUDIT +SELINUX +IMA +APPARMOR +SMACK +SYSVINIT +UTMP +LIBCRYPTSETUP +GCRYPT +GNUTLS +ACL +XZ -LZ4 +SECCOMP +BLKID +ELFUTILS +KMOD -IDN)
[    4.435682] systemd[1]: Detected virtualization oracle.
[    4.436756] systemd[1]: Detected architecture x86-64.

Welcome to [1mUbuntu 16.04.7 LTS[0m!

[    4.446450] systemd[1]: Set hostname to <ubuntu>.
[    4.449608] systemd[1]: Initializing machine ID from random generator.
[    4.451311] systemd[1]: Installed transient /etc/machine-id file.
[    4.939302] systemd[1]: Started Trigger resolvconf update for networkd DNS.
[[0;32m  OK  [0m] Started Trigger resolvconf update for networkd DNS.
[    4.942210] systemd[1]: Listening on Journal Socket.
[[0;32m  OK  [0m] Listening on Journal Socket.
[    4.944236] systemd[1]: Listening on LVM2 metadata daemon socket.
[[0;32m  OK  [0m] Listening on LVM2 metadata daemon socket.
[    4.946544] systemd[1]: Reached target Encrypted Volumes.
[[0;32m  OK  [0m] Reached target Encrypted Volumes.
[    4.948582] systemd[1]: Listening on Syslog Socket.
[[0;32m  OK  [0m] Listening on Syslog Socket.
[    4.950997] systemd[1]: Created slice System Slice.
[[0;32m  OK  [0m] Created slice System Slice.
[    4.966113] systemd[1]: Starting Nameserver information manager...
         Starting Nameserver information manager...
[    4.969929] systemd[1]: Mounting Huge Pages File System...
         Mounting Huge Pages File System...
[    4.972616] systemd[1]: Created slice system-serial\x2dgetty.slice.
[[0;32m  OK  [0m] Created slice system-serial\x2dgetty.slice.
[    4.976109] systemd[1]: Starting Set console keymap...
         Starting Set console keymap...
[    5.010255] systemd[1]: Starting Create list of required static device nodes for the current kernel...
         Starting Create list of required st... nodes for the current kernel...
[    5.022126] systemd[1]: Reached target User and Group Name Lookups.
[[0;32m  OK  [0m] Reached target User and Group Name Lookups.
[    5.025704] systemd[1]: Starting Uncomplicated firewall...
         Starting Uncomplicated firewall...
[    5.034058] systemd[1]: Listening on udev Control Socket.
[[0;32m  OK  [0m] Listening on udev Control Socket.
[    5.036863] systemd[1]: Started Forward Password Requests to Wall Directory Watch.
[[0;32m  OK  [0m] Started Forward Password Requests to Wall Directory Watch.
[    5.040529] systemd[1]: Reached target Swap.
[[0;32m  OK  [0m] Reached target Swap.
[    5.057950] systemd[1]: Mounting Debug File System...
         Mounting Debug File System...
[    5.066120] systemd[1]: Listening on Journal Socket (/dev/log).
[[0;32m  OK  [0m] Listening on Journal Socket (/dev/log).
[    5.073872] systemd[1]: Listening on LVM2 poll daemon socket.
[[0;32m  OK  [0m] Listening on LVM2 poll daemon socket.
[    5.082391] systemd[1]: Created slice User and Session Slice.
[[0;32m  OK  [0m] Created slice User and Session Slice.
[    5.225595] systemd[1]: Listening on udev Kernel Socket.
[[0;32m  OK  [0m] Listening on udev Kernel Socket.
[    6.089808] systemd[1]: Starting Load Kernel Modules...
         Starting Load Kernel Modules...
[    6.092896] systemd[1]: Reached target Slices.
[[0;32m  OK  [0m] Reached target Slices.
[    6.098295] Loading iSCSI transport class v2.0-870.
[    6.101543] systemd[1]: Listening on Journal Audit Socket.
[[0;32m  OK  [0m] Listening on Journal Audit Socket.
[    6.106692] systemd[1]: Starting Journal Service...
[    6.108523] iscsi: registered transport (tcp)
         Starting Journal Service...
[    6.111462] systemd[1]: Listening on /dev/initctl Compatibility Named Pipe.
[[0;32m  OK  [0m] Listening on /dev/initctl Compatibility Named Pipe.
[    6.115078] systemd[1]: Reached target System Time Synchronized.
[[0;32m  OK  [0m] Reached target System Time Synchronized.
[    6.119403] systemd[1]: Listening on Device-mapper event daemon FIFOs.
[[0;32m  OK  [0m] Listening on Device-mapper event daemon FIFOs.
[    6.135394] iscsi: registered transport (iser)
[    6.145919] systemd[1]: Starting Monitoring of LVM2 mirrors, snapshots etc. using dmeventd or progress polling...
         Starting Monitoring of LVM2 mirrors... dmeventd or progress polling...
[    6.150906] systemd[1]: Set up automount Arbitrary Executable File Formats File System Automount Point.
[[0;32m  OK  [0m] Set up automount Arbitrary Executab...ats File System Automount Point.
[    6.155564] systemd[1]: Listening on fsck to fsckd communication Socket.
[[0;32m  OK  [0m] Listening on fsck to fsckd communication Socket.
[    6.158913] systemd[1]: Starting File System Check on Root Device...
         Starting File System Check on Root Device...
[    6.161607] systemd[1]: Mounting POSIX Message Queue File System...
         Mounting POSIX Message Queue File System...
[    6.166121] systemd[1]: Mounted Debug File System.
[[0;32m  OK  [0m] Mounted Debug File System.
[    6.168517] systemd[1]: Mounted Huge Pages File System.
[[0;32m  OK  [0m] Mounted Huge Pages File System.
[    6.178098] systemd[1]: Mounted POSIX Message Queue File System.
[[0;32m  OK  [0m] Mounted POSIX Message Queue File System.
[    6.181039] systemd[1]: Started Journal Service.
[[0;32m  OK  [0m] Started Journal Service.
[[0;32m  OK  [0m] Started Set console keymap.
[    6.199568] random: nonblocking pool is initialized
[[0;32m  OK  [0m] Started Create list of required sta...ce nodes for the current kernel.
[[0;32m  OK  [0m] Started Uncomplicated firewall.
[[0;32m  OK  [0m] Started Load Kernel Modules.
[[0;32m  OK  [0m] Started File System Check on Root Device.
[[0;32m  OK  [0m] Started Nameserver information manager.
[[0;32m  OK  [0m] Started File System Check Daemon to report status.
[[0;32m  OK  [0m] Started LVM2 metadata daemon.
         Starting Remount Root and Kernel File Systems...
         Mounting FUSE Control File System...
[    6.236146] EXT4-fs (sda1): re-mounted. Opts: (null)
         Starting Apply Kernel Variables...
         Starting Create Static Device Nodes in /dev...
[[0;32m  OK  [0m] Mounted FUSE Control File System.
[[0;32m  OK  [0m] Started Remount Root and Kernel File Systems.
[[0;32m  OK  [0m] Started Apply Kernel Variables.
[[0;32m  OK  [0m] Started Create Static Device Nodes in /dev.
         Starting udev Kernel Device Manager...
         Starting Load/Save Random Seed...
         Starting Flush Journal to Persistent Storage...
         Starting udev Coldplug all Devices...
[[0;32m  OK  [0m] Started Load/Save Random Seed.
[[0;32m  OK  [0m] Started Flush Journal to Persistent Storage.
[[0;32m  OK  [0m] Started udev Kernel Device Manager.
[[0;32m  OK  [0m] Started Monitoring of LVM2 mirrors,...ng dmeventd or progress polling.
[[0;32m  OK  [0m] Reached target Local File Systems (Pre).
[[0;32m  OK  [0m] Reached target Local File Systems.
         Starting Set console font and keymap...
         Starting Commit a transient machine-id on disk...
         Starting Initial cloud-init job (pre-networking)...
         Starting LSB: AppArmor initialization...
         Starting Tell Plymouth To Write Out Runtime Data...
         Starting Create Volatile Files and Directories...
[[0;32m  OK  [0m] Started udev Coldplug all Devices.
[[0;32m  OK  [0m] Started Dispatch Password Requests to Console Directory Watch.
[[0;32m  OK  [0m] Started Tell Plymouth To Write Out Runtime Data.
[[0;32m  OK  [0m] Started Create Volatile Files and Directories.
         Starting Update UTMP about System Boot/Shutdown...
[[0;32m  OK  [0m] Started Commit a transient machine-id on disk.
[[0;32m  OK  [0m] Started Update UTMP about System Boot/Shutdown.
[[0;32m  OK  [0m] Found device /dev/ttyS0.
[[0;32m  OK  [0m] Listening on Load/Save RF Kill Switch Status /dev/rfkill Watch.
[[0;32m  OK  [0m] Started Set console font and keymap.
[[0;32m  OK  [0m] Created slice system-getty.slice.
[    7.076148] cloud-init[500]: Cloud-init v. 21.1-19-gbad84ad4-0ubuntu1~16.04.2 running 'init-local' at Mon, 17 May 2021 06:10:18 +0000. Up 6.75 seconds.
[[0;32m  OK  [0m] Started Initial cloud-init job (pre-networking).
[[0;32m  OK  [0m] Started LSB: AppArmor initialization.
         Starting Load AppArmor profiles managed internally by snapd...
[[0;32m  OK  [0m] Reached target Network (Pre).
         Starting Raise network interfaces...
[[0;32m  OK  [0m] Started Load AppArmor profiles managed internally by snapd.
[[0;32m  OK  [0m] Started Raise network interfaces.
         Starting Initial cloud-init job (metadata service crawler)...
[[0;32m  OK  [0m] Reached target Network.
[    7.898455] cloud-init[956]: Cloud-init v. 21.1-19-gbad84ad4-0ubuntu1~16.04.2 running 'init' at Mon, 17 May 2021 06:10:19 +0000. Up 7.54 seconds.
[    7.908449] cloud-init[956]: ci-info: ++++++++++++++++++++++++++++++++++++++Net device info+++++++++++++++++++++++++++++++++++++++
[    7.916443] cloud-init[956]: ci-info: +--------+-------+----------------------------+---------------+--------+-------------------+
[    7.924393] cloud-init[956]: ci-info: | Device |   Up  |          Address           |      Mask     | Scope  |     Hw-Address    |
[    7.932394] cloud-init[956]: ci-info: +--------+-------+----------------------------+---------------+--------+-------------------+
[    7.933871] [cloud-init[0;32m  OK  [0m[956]: ] ci-info: | enp0s3 |  True |         10.0.2.15          | 255.255.255.0 | global | 02:ed:98:3c:8e:82 |Started Initial cloud-init job (metadata service crawler).

[[0;32m  OK  [0m] Reached target Network is Online.
[    7.934846] cloud-init[956]: ci-info: | enp0s3 |  True | fe80::ed:98ff:fe3c:8e82/64 |       .       |  link  | 02:ed:98:3c:8e:82 |
[    7.946797] cloud-init[956]: ci-info: | enp0s8 | False |             .              |       .       |   .    | 08:00:27:55:80:d9 |
[    7.953145] cloud-init[956]: ci-info: |   lo   |  True |         127.0.0.1          |   255.0.0.0   |  host  |         .         |
[    7.960336]          Starting iSCSI initiator daemon (iscsid)...
cloud-init[956]: [ci-info: |   lo   |  True |          ::1/128           |       .       |  host  |         .         |[0;32m  OK  [0m
] Reached target System Initialization.
[[0;32m  OK  [0m] Listening on UUID daemon activation socket.
[    7.961154] cloud-init[956]: ci-info: +--------+-------+----------------------------+---------------+--------+-------------------+
[    7.976746] [cloud-init[0;32m  OK  [0m[956]: ] ci-info: +++++++++++++++++++++++++++Route IPv4 info++++++++++++++++++++++++++++Started ACPI Events Check.

[[0;32m  OK  [0m] Reached target Paths.
[    7.977338] [cloud-init[0;32m  OK  [0m[956]: ] ci-info: +-------+-------------+----------+---------------+-----------+-------+Listening on ACPID Listen Socket.

[    7.980695] [[0;32m  OK  [0m] Started Message of the Day.
[[0;32m  OK  [0m] Started Daily Cleanup of Temporary Directories.
[[0;32m  OK  [0m] Listening on D-Bus System Message Bus Socket.
[[0;32m  OK  [0m] Started Daily apt download activities.
cloud-init[956]: ci-info: | Route | Destination | Gateway  |    Genmask    | Interface | Flags |
[    7.984613]          cloud-initStarting Socket activation for snappy daemon.[956]: 
ci-info: +-------+-------------+----------+---------------+-----------+-------+
[    7.992582] [[0;32m  OK  [0m] Started Daily apt upgrade and clean activities.
cloud-init[956]: [ci-info: |   0   |   0.0.0.0   | 10.0.2.2 |    0.0.0.0    |   enp0s3  |   UG  |[0;32m  OK  [0m
] Reached target Timers.
[    7.993591]          Starting LXD - unix socket.
[[0;32m  OK  [0m] Reached target Cloud-config availability.
cloud-init[956]: ci-info: |   1   |   10.0.2.0  | 0.0.0.0  | 255.255.255.0 |   enp0s3  |   U   |
[    8.008021] cloud-init[956]: ci-info: +-------+-------------+----------+---------------+-----------+-------+
[    8.009905] cloud-init[956]: ci-info: +++++++++++++++++++Route IPv6 info+++++++++++++++++++
[    8.011672] cloud-init[956]: ci-info: +-------+-------------+---------+-----------+-------+
[    8.013516] cloud-init[956]: ci-info: | Route | Destination | Gateway | Interface | Flags |
[    8.015303] cloud-init[956]: ci-info: +-------+-------------+---------+-----------+-------+[[0;32m  OK  [0m] Listening on Socket activation for snappy daemon.
[[0;32m  OK  [0m] Listening on LXD - unix socket.
[[0;32m  OK  [0m] Reached target Sockets.
[[0;32m  OK  [0m] Reached target Basic System.
         Starting Virtualbox guest utils...

[    8.020755] cloud-init[956]: ci-info: |   0   |  fe80::/64  |    ::   |   enp0s3  |   U   |[[0;32m  OK  [0m] Started Regular background program processing daemon.

         Starting Accounts Service...
[[0;32m  OK  [0m] Started Deferred execution scheduler.
         Starting Pollinate to seed the pseudo random number generator...
         Starting System Logging Service...
[    8.029382] cloud-init[956]: ci-info: |   3   |   ff00::/8  |    ::   |   enp0s3  |   U   |
         Starting /etc/rc.local Compatibility...
         Starting LXD - container startup/shutdown...
         Starting LSB: Record successful boot for GRUB...
[[0;32m  OK  [0m] Started D-Bus System Message Bus.
[    8.048864] cloud-init[956]: ci-info: +-------+-------------+---------+-----------+-------+
[    8.058163] cloud-init[956]: Generating public/private rsa key pair.
[    8.060245] cloud-init[956]: Your identification has been saved in /etc/ssh/ssh_host_rsa_key.
[    8.062065] cloud-init[956]: Your public key has been saved in /etc/ssh/ssh_host_rsa_key.pub.
[    8.063766] cloud-init[956]: The key fingerprint is:
[    8.064905] cloud-init[956]: SHA256:csxI3hNgLRuRffwhEHHYwiKshPi2Y9vPpLqewhaQwqw root@ubuntu-xenial
[    8.068864] cloud-init[956]: The key's randomart image is:
[    8.069967] cloud-init[956]: +---[RSA 2048]----+
[    8.070974] cloud-init[956]: |.. .  +*+B.      |
[    8.071936] cloud-init[956]: |o . o.=.*.= .    |
[    8.080275] cloud-init[956]: |o+ . ..=.o o .   |
[    8.081301] cloud-init[956]: |+o+  o.= .  .    |
[    8.082311] cloud-init[956]: |+. .  + S        |
[    8.083850] cloud-init[956]: |E.+    o .       |
[    8.085194] cloud-init[956]: |...+  .          |
[    8.092346] cloud-init[956]: |.o...+           |
[    8.093400] cloud-init[956]: |.o=o..o          |
[    8.094423] cloud-init[956]: +----[SHA256]-----+
[    8.095426] cloud-init[956]: Generating public/private dsa key pair.
[    8.096713] cloud-init[956]: Your identification has been saved in /etc/ssh/ssh_host_dsa_key.
[    8.098303] cloud-init[956]: Your public key has been saved in /etc/ssh/ssh_host_dsa_key.pub.
[    8.099894] cloud-init[956]: The key fingerprint is:
[    8.101009] cloud-init[956]: SHA256:H3zoscrPYu56bJZ/9w02FJ/u4Y14SmG7aV0iTAvetDk root@ubuntu-xenial
[    8.102615] cloud-init[956]: The key's randomart image is:
[    8.104438] cloud-init[956]: +---[DSA 1024]----+
[    8.118581] [cloud-init[0;32m  OK  [0m[956]: ] |                 |Started ACPI event daemon.

[    8.118912] cloud-init[956]: |                 |
[    8.120317]          cloud-initStarting Login Service...[956]: 
|              .  |
[    8.122095] [cloud-init[0;32m  OK  [0m[956]: ] |         ...o  o.|Started FUSE filesystem for LXC.

[    8.122585]          Starting LSB: MD monitoring daemon...
         Starting Snap Daemon...
[[0;32m  OK  [0m] Started System Logging Service.
[[0;32m  OK  [0m] Started iSCSI initiator daemon (iscsid).
[[0;32m  OK  [0m] Started /etc/rc.local Compatibility.
[[0;32m  OK  [0m] Started LXD - container startup/shutdown.
cloud-init[956]: |        S.=*++...|
[    8.132350] cloud-init[956]: |         o.*E+o .|
[    8.134019] cloud-init[956]: |       . .+ o++= |
[    8.135586] cloud-init[956]: |       .Oo .o=*++|
         Starting Authenticate and Authorize Users to Run Privileged Tasks...
         Starting Login to default iSCSI targets...
[    8.137101] cloud-init[956]: |      .O=++o=+.++|
[    8.138741] cloud-init[956]: +----[SHA256]-----+
[    8.139997] cloud-init[956]: Generating public/private ecdsa key pair.
[    8.149667] [[0;32m  OK  [0m] Started LSB: Record successful boot for GRUB.
cloud-init[[0;32m  OK  [0m] Started Login Service.
[[0;32m  OK  [0m] Started Unattended Upgrades Shutdown.
[[0;32m  OK  [0m] Started Login to default iSCSI targets.
[[0;32m  OK  [0m] Reached target Remote File Systems (Pre).
[[0;32m  OK  [0m] Reached target Remote File Systems.
         Starting LSB: Set the CPU Frequency Scaling governor to "ondemand"...
         Starting LSB: automatic crash report generation...
         Starting Permit User Sessions...
         Starting LSB: daemon to balance interrupts for SMP systems...
[956]: Your identification has been saved in /etc/ssh/ssh_host_ecdsa_key.
[    8.175102] cloud-init[956]: Your public key has been saved in /etc/ssh/ssh_host_ecdsa_key.pub.
[    8.179667] [cloud-init[0;32m  OK  [0m[956]: ] The key fingerprint is:Started Permit User Sessions.

[    8.180743] cloud-init[956]: SHA256:Rg3qtWu/oPAjXudsSL+Ve5NxWmS7Y5lw4m+UK9apkdI root@ubuntu-xenial
[    8.182598] cloud-init[956]: The key's randomart image is:
[    8.188043]          cloud-initStarting Terminate Plymouth Boot Screen...[956]: 
+---[ECDSA 256]---+
[    8.190066]          Starting Hold until boot process finishes up...
cloud-init[956]: |        .        |
[    8.192074] [[0;32m  OK  [0m] Started Authenticate and Authorize Users to Run Privileged Tasks.
cloud-init[956]: |       . o       |
[[0;32m  OK  [0m] Started Hold until boot process finishes up.
[    8.202117] cloud-init[956]: |      . o .      |
[    8.220419] [[0;32m  OK  [0m] Started Terminate Plymouth Boot Screen.
cloud-init[956]: [[0;32m  OK  [0m] Started Accounts Service.
|     . o .    o  |
[    8.224623] cloud-init[956]: |      . S    o o |
[    8.225697] cloud-init[956]: |      .. . o+.B  |
[    8.227673] cloud-init[956]: |    ...o= +.E% * |
[    8.229645] cloud-init[956]: |    .+o*o+ oO.@  |
[    8.240182] [[0;32m  OK  [0m] Started Getty on tty1.
cloud-init[956]: |   ...oo+.++.B.. |
[[0;32m  OK  [0m] Started Serial Getty on ttyS0.
[[0;32m  OK  [0m] Reached target Login Prompts.
[    8.242716] cloud-init[956]: +----[SHA256]-----+
         Starting Set console scheme...
[    8.245839] cloud-init[[0;32m  OK  [0m] Started LSB: MD monitoring daemon.
[956]: Generating public/private ed25519 key pair.
[[0;32m  OK  [0m] Started LSB: Set the CPU Frequency Scaling governor to "ondemand".
[[0;32m  OK  [0m] Started LSB: automatic crash report generation.
[[0;32m  OK  [0m] Started LSB: daemon to balance interrupts for SMP systems.
[[0;32m  OK  [0m] Started Set console scheme.
[    8.251315] cloud-init[956]: Your identification has been saved in /etc/ssh/ssh_host_ed25519_key.
[    8.260287] cloud-init[956]: Your public key has been saved in /etc/ssh/ssh_host_ed25519_key.pub.
[    8.267475] cloud-init[956]: The key fingerprint is:
[    8.268428] cloud-init[956]: SHA256:JVWwtGWYmL6dR87Wh68EYo4Hm38hzHrgOlMBqlnwLf4 root@ubuntu-xenial
[    8.277148] cloud-init[956]: The key's randomart image is:
[    8.277894] cloud-init[956]: +--[ED25519 256]--+
[    8.288345] cloud-init[956]: |         o+=+    |
[    8.289094] cloud-init[956]: |  .   . ooo=     |
[    8.290410] cloud-init[956]: |   o o o. +      |
[    8.291482] cloud-init[956]: |    = . oo  .    |
[    8.292856] cloud-init[956]: |   = .  S*o=.. . |
[    8.294279] cloud-init[956]: |  o .   +B*.*.o .|
[    8.296164] cloud-init[956]: |     . o+oo+ ..o |
[    8.297359] cloud-init[956]: |      E oo. ..  .|
[    8.298561] cloud-init[956]: |      .+ ...  .. |
[    8.312371] cloud-init[956]: +----[SHA256]-----+
[[0;32m  OK  [0m] Started Virtualbox guest utils.
[[0;32m  OK  [0m] Started Snap Daemon.
         Starting Wait until snapd is fully seeded...
[[0;32m  OK  [0m] Started Pollinate to seed the pseudo random number generator.
         Starting OpenBSD Secure Shell server...
[[0;32m  OK  [0m] Started OpenBSD Secure Shell server.
[[0;32m  OK  [0m] Started Wait until snapd is fully seeded.
         Starting Apply the settings specified in cloud-config...
[[0;32m  OK  [0m] Reached target Multi-User System.
[[0;32m  OK  [0m] Reached target Graphical Interface.
         Starting Update UTMP about System Runlevel Changes...
[[0;32m  OK  [0m] Started Update UTMP about System Runlevel Changes.
[   10.727862] cloud-init[1302]: Generating locales (this might take a while)...
[   11.319121] cloud-init[1302]:   en_US.UTF-8... done
[   11.321266] cloud-init[1302]: Generation complete.
[[0;32m  OK  [0m] Created slice User Slice of vagrant.
[   11.516300] cloud-init[1302]: Cloud-init v. 21.1-19-gbad84ad4-0ubuntu1~16.04.2 running 'modules:config' at Mon, 17 May 2021 06:10:22 +0000. Up 10.66 seconds.
         Starting User Manager for UID 1000...
[[0;32m  OK  [0m] Started Session 1 of user vagrant.
[[0;32m  OK  [0m] Started Apply the settings specified in cloud-config.
         Starting Execute cloud user/final scripts...
[[0;32m  OK  [0m] Started User Manager for UID 1000.
ci-info: no authorized SSH keys fingerprints found for user ubuntu.
<14>May 17 06:10:23 ec2: 
<14>May 17 06:10:23 ec2: #############################################################
<14>May 17 06:10:23 ec2: -----BEGIN SSH HOST KEY FINGERPRINTS-----
<14>May 17 06:10:23 ec2: 1024 SHA256:H3zoscrPYu56bJZ/9w02FJ/u4Y14SmG7aV0iTAvetDk root@ubuntu-xenial (DSA)
<14>May 17 06:10:23 ec2: 256 SHA256:Rg3qtWu/oPAjXudsSL+Ve5NxWmS7Y5lw4m+UK9apkdI root@ubuntu-xenial (ECDSA)
<14>May 17 06:10:23 ec2: 256 SHA256:JVWwtGWYmL6dR87Wh68EYo4Hm38hzHrgOlMBqlnwLf4 root@ubuntu-xenial (ED25519)
<14>May 17 06:10:23 ec2: 2048 SHA256:csxI3hNgLRuRffwhEHHYwiKshPi2Y9vPpLqewhaQwqw root@ubuntu-xenial (RSA)
<14>May 17 06:10:23 ec2: -----END SSH HOST KEY FINGERPRINTS-----
<14>May 17 06:10:23 ec2: #############################################################
-----BEGIN SSH HOST KEY KEYS-----
ecdsa-sha2-nistp256 AAAAE2VjZHNhLXNoYTItbmlzdHAyNTYAAAAIbmlzdHAyNTYAAABBBB2+UGoq+wi0oO/CXsSVAxzZHmTY7ONyh4L9oJD59Akk+ENI948b1jeKrovzOC5rV7vChXslFMNorf6+oZmlRdU= root@ubuntu-xenial
ssh-ed25519 AAAAC3NzaC1lZDI1NTE5AAAAIDMnNiiU3+bZmM0Swzp/Z3ZDD/YmJzzVE/vGrV0VWeuu root@ubuntu-xenial
ssh-rsa AAAAB3NzaC1yc2EAAAADAQABAAABAQDWXpx11zedCGWWi7+AReGzHlNpo/9lyhEFwsVs4yv4hTDFnEflF3bR9XY5OQKMWPTCuOM788nP1IOfNhc8DK1U7kLSErJ2x7rv66fjG04V8tHmGL9eAZoogTRXWm/qj/GniMG8J/IjyOLjSuYiVtrfF0q5q9XbMnnE4onfF1YgnohVNX3jD6ex3ynvIxl84YpD+QmzFVoIzA90Nl0mgqxXbaVqx60MuFS7sA7GCRVsBcatyRlVBeoJ5DQtb96ERCN0fSU6JfdcLXtbbKh3+/9Mvn4ihHwGOHiNpjmmgYm2nhCdFOdcTzJADtFEu1h/Xkl26m8XMxL66nUX5NR6622d root@ubuntu-xenial
-----END SSH HOST KEY KEYS-----
[   11.899155] cloud-init[1355]: Cloud-init v. 21.1-19-gbad84ad4-0ubuntu1~16.04.2 running 'modules:final' at Mon, 17 May 2021 06:10:23 +0000. Up 11.75 seconds.
[   11.901469] cloud-init[1355]: ci-info: no authorized SSH keys fingerprints found for user ubuntu.
[   11.903082] cloud-init[1355]: Cloud-init v. 21.1-19-gbad84ad4-0ubuntu1~16.04.2 finished at Mon, 17 May 2021 06:10:23 +0000. Datasource DataSourceNoCloud [seed=/dev/sdb][dsmode=net].  Up 11.89 seconds
[[0;32m  OK  [0m] Started Execute cloud user/final scripts.
[[0;32m  OK  [0m] Reached target Cloud-init target.

Ubuntu 16.04.7 LTS ubuntu-xenial ttyS0

ubuntu-xenial login: [[0;32m  OK  [0m] Stopped target Graphical Interface.
         Stopping ACPI event daemon...
         Stopping Authenticate and Authorize Users to Run Privileged Tasks...
         Stopping Accounts Service...
         Stopping User Manager for UID 1000...
[[0;32m  OK  [0m] Stopped target Timers.
[[0;32m  OK  [0m] Stopped Daily apt upgrade and clean activities.
[[0;32m  OK  [0m] Stopped Daily Cleanup of Temporary Directories.
[[0;32m  OK  [0m] Stopped Message of the Day.
[[0;32m  OK  [0m] Stopped Daily apt download activities.
[[0;32m  OK  [0m] Stopped target System Time Synchronized.
         Stopping Session 4 of user vagrant.
[[0;32m  OK  [0m] Closed Load/Save RF Kill Switch Status /dev/rfkill Watch.
[[0;32m  OK  [0m] Stopped target Cloud-init target.
[[0;32m  OK  [0m] Stopped Execute cloud user/final scripts.
[[0;32m  OK  [0m] Stopped Apply the settings specified in cloud-config.
[[0;32m  OK  [0m] Stopped target Cloud-config availability.
[[0;32m  OK  [0m] Stopped target Multi-User System.
         Stopping LSB: MD monitoring daemon...
         Stopping LSB: automatic crash report generation...
         Stopping D-Bus System Message Bus...
         Stopping LXD - container startup/shutdown...
         Stopping OpenBSD Secure Shell server...
         Stopping LSB: Set the CPU Frequency Scaling governor to "ondemand"...
         Stopping Virtualbox guest utils...
         Stopping LSB: Record successful boot for GRUB...
         Stopping Deferred execution scheduler...
         Stopping Regular background program processing daemon...
         Stopping FUSE filesystem for LXC...
         Stopping System Logging Service...
[[0;32m  OK  [0m] Stopped target Login Prompts.
         Stopping Getty on tty1...
         Stopping Serial Getty on ttyS0...
         Stopping LSB: daemon to balance interrupts for SMP systems...
[[0;32m  OK  [0m] Stopped Wait until snapd is fully seeded.
[[0;32m  OK  [0m] Unmounted /var/lib/lxcfs.
[[0;32m  OK  [0m] Stopped Regular background program processing daemon.
[[0;32m  OK  [0m] Stopped Accounts Service.
[[0;32m  OK  [0m] Stopped Deferred execution scheduler.
[[0;32m  OK  [0m] Stopped System Logging Service.
[[0;32m  OK  [0m] Stopped ACPI event daemon.
[[0;32m  OK  [0m] Stopped Authenticate and Authorize Users to Run Privileged Tasks.
[[0;32m  OK  [0m] Stopped Getty on tty1.
[[0;32m  OK  [0m] Stopped Serial Getty on ttyS0.
[[0;32m  OK  [0m] Stopped OpenBSD Secure Shell server.
[[0;32m  OK  [0m] Stopped User Manager for UID 1000.
[[0;32m  OK  [0m] Stopped Session 4 of user vagrant.
[[0;32m  OK  [0m] Stopped D-Bus System Message Bus.
[[0;32m  OK  [0m] Stopped FUSE filesystem for LXC.
[[0;32m  OK  [0m] Stopped LXD - container startup/shutdown.
[[0;32m  OK  [0m] Stopped LSB: MD monitoring daemon.
[[0;32m  OK  [0m] Stopped LSB: automatic crash report generation.
[[0;32m  OK  [0m] Stopped LSB: Set the CPU Frequency Scaling governor to "ondemand".
[[0;32m  OK  [0m] Stopped LSB: Record successful boot for GRUB.
[[0;32m  OK  [0m] Stopped LSB: daemon to balance interrupts for SMP systems.
[[0;32m  OK  [0m] Removed slice User Slice of vagrant.
         Stopping Login Service...
[[0;32m  OK  [0m] Removed slice system-serial\x2dgetty.slice.
[[0;32m  OK  [0m] Removed slice system-getty.slice.
         Stopping Permit User Sessions...
[[0;32m  OK  [0m] Stopped /etc/rc.local Compatibility.
[[0;32m  OK  [0m] Stopped Virtualbox guest utils.
[[0;32m  OK  [0m] Stopped Permit User Sessions.
[[0;32m  OK  [0m] Stopped target Remote File Systems.
[[0;32m  OK  [0m] Stopped target Remote File Systems (Pre).
         Stopping Login to default iSCSI targets...
[[0;32m  OK  [0m] Stopped Login to default iSCSI targets.
         Stopping iSCSI initiator daemon (iscsid)...
[[0;32m  OK  [0m] Stopped iSCSI initiator daemon (iscsid).
[[0;32m  OK  [0m] Stopped Login Service.
[[0;32m  OK  [0m] Stopped target User and Group Name Lookups.
[[0;32m  OK  [0m] Stopped target Basic System.
[[0;32m  OK  [0m] Stopped target Sockets.
[[0;32m  OK  [0m] Closed D-Bus System Message Bus Socket.
[[0;32m  OK  [0m] Closed LXD - unix socket.
[[0;32m  OK  [0m] Closed ACPID Listen Socket.
[[0;32m  OK  [0m] Closed Syslog Socket.
[[0;32m  OK  [0m] Closed Socket activation for snappy daemon.
[[0;32m  OK  [0m] Closed UUID daemon activation socket.
[[0;32m  OK  [0m] Stopped target Paths.
[[0;32m  OK  [0m] Stopped ACPI Events Check.
[[0;32m  OK  [0m] Stopped Forward Password Requests to Wall Directory Watch.
[[0;32m  OK  [0m] Stopped Dispatch Password Requests to Console Directory Watch.
[[0;32m  OK  [0m] Stopped target Slices.
[[0;32m  OK  [0m] Removed slice User and Session Slice.
[[0;32m  OK  [0m] Stopped target System Initialization.
         Stopping Update UTMP about System Boot/Shutdown...
[[0;32m  OK  [0m] Stopped target Encrypted Volumes.
[[0;32m  OK  [0m] Stopped target Swap.
[[0;32m  OK  [0m] Stopped Commit a transient machine-id on disk.
         Stopping Load/Save Random Seed...
[[0;32m  OK  [0m] Stopped target Network is Online.
[[0;32m  OK  [0m] Stopped Initial cloud-init job (metadata service crawler).
[[0;32m  OK  [0m] Stopped target Network.
         Stopping Raise network interfaces...
[[0;32m  OK  [0m] Stopped Load/Save Random Seed.
[[0;32m  OK  [0m] Stopped Update UTMP about System Boot/Shutdown.
[[0;32m  OK  [0m] Stopped Create Volatile Files and Directories.
[[0;32m  OK  [0m] Stopped Raise network interfaces.
[[0;32m  OK  [0m] Stopped target Network (Pre).
[[0;32m  OK  [0m] Stopped Initial cloud-init job (pre-networking).
[[0;32m  OK  [0m] Stopped target Local File Systems.
         Unmounting /run/user/1000...
[[0;32m  OK  [0m] Stopped Apply Kernel Variables.
[[0;32m  OK  [0m] Stopped Load Kernel Modules.
[[0;32m  OK  [0m] Unmounted /run/user/1000.
[[0;32m  OK  [0m] Reached target Unmount All Filesystems.
[[0;32m  OK  [0m] Stopped target Local File Systems (Pre).
[[0;32m  OK  [0m] Stopped Remount Root and Kernel File Systems.
         Stopping Monitoring of LVM2 mirrors... dmeventd or progress polling...
[[0;32m  OK  [0m] Stopped Create Static Device Nodes in /dev.
[[0;32m  OK  [0m] Reached target Shutdown.
[  273.849813] reboot: Power down
